[1/32] AAOI: px=161.85 CY26 rev=1016.14 eps=0.77 (1/4 act)
[2/32] AAPL: px=298.01 CY26 rev=488060.06 eps=8.9 (1/4 act)
[3/32] AGX: px=738.85 CY26 rev=1267.0 eps=12.01 (1/4 act)
[4/32] AMD: px=537.37 CY26 rev=49250.91 eps=6.85 (1/4 act)
[5/32] AMZN: px=244.39 CY26 rev=825423.03 eps=9.99 (1/4 act)
[6/32] ANET: px=169.67 CY26 rev=11597.9 eps=3.56 (1/4 act)
[7/32] ASML: px=1929.68 CY26 rev=39361.52 eps=None (1/4 act)
[8/32] AVGO: px=411.35 CY26 rev=123237.11 eps=13.09 (1/4 act)
[9/32] BKNG: px=171.78 CY26 rev=29969.44 eps=10.92 (1/4 act)
[10/32] CEG: px=274.06 CY26 rev=37420.89 eps=13.34 (1/4 act)
[11/32] CIEN: px=428.22 CY26 rev=6689.96 eps=7.02 (1/4 act)
[12/32] COHR: px=389.57 CY26 rev=8248.42 eps=6.3 (1/4 act)
[13/32] CSCO: px=119.54 CY26 rev=66418.15 eps=4.35 (1/4 act)
[14/32] GEV: px=1109.73 CY26 rev=45588.14 eps=30.51 (1/4 act)
[15/32] GLW: px=194.92 CY26 rev=21687.86 eps=2.91 (1/4 act)
[16/32] GOOG: px=367.46 CY26 rev=435378.6 eps=None (1/4 act)
[17/32] LITE: px=850.0 CY26 rev=4281.26 eps=12.22 (1/4 act)
[18/32] META: px=577.22 CY26 rev=253101.66 eps=39.34 (1/4 act)
[19/32] MSFT: px=379.4 CY26 rev=355360.95 eps=17.97 (1/4 act)
[20/32] MU: px=1133.99 CY26 rev=149022.68 eps=84.82 (1/4 act)
[21/32] NFLX: px=77.38 CY26 rev=51415.5 eps=3.62 (1/4 act)
[22/32] NOW: px=95.04 CY26 rev=16201.03 eps=3.64 (1/4 act)
[23/32] NVDA: px=210.69 CY26 rev=392039.11 eps=9.5 (1/4 act)
[24/32] ORCL: px=184.29 CY26 rev=76559.22 eps=6.34 (2/4 act)
[25/32] PWR: px=702.25 CY26 rev=35024.48 eps=12.74 (1/4 act)
[26/32] SPOT: px=468.08 CY26 rev=19479.14 eps=12.74 (1/4 act)
[27/32] TLN: px=436.29 CY26 rev=4422.43 eps=19.68 (1/4 act)
[28/32] TM: px=173.94 CY26 rev=52266973.7 eps=None (1/4 act)
[29/32] TSM: px=462.12 CY26 rev=5208405.47 eps=None (1/4 act)
[30/32] UBER: px=71.64 CY26 rev=58042.51 eps=2.76 (1/4 act)
[31/32] VST: px=163.75 CY26 rev=23417.11 eps=10.16 (1/4 act)
[32/32] WMB: px=73.12 CY26 rev=12440.3 eps=2.36 (1/4 act)

estimates.json: 32/32 ok -> E:\sec-filings\_wiki\_data\estimates.json
